<!DOCTYPE html>
<!-- saved from url=(0046)https://kaiiiz.github.io/hexo-theme-book-demo/ -->
<html xmlns="http://www.w3.org/1999/xhtml">
<head>
    <head>
        <meta http-equiv="Content-Type" content="text/html; charset=UTF-8">
        <meta name="viewport" content="width=device-width, initial-scale=1, maximum-scale=1.0, user-scalable=no">
        <link rel="icon" href="../../static/favicon.png">
        <title>12  JOIN 连接：到底能不能写 JOIN？.md</title>
        <!-- Spectre.css framework -->
        <link rel="stylesheet" href="../../static/index.css">
        <!-- theme css & js -->
        <meta name="generator" content="Hexo 4.2.0">
    </head>

<body>

<div class="book-container">
    <div class="book-sidebar">
        <div class="book-brand">
            <a href="../../index.html">
                <img src="../../static/favicon.png">
                <span>技术文章摘抄</span>
            </a>
        </div>
        <div class="book-menu uncollapsible">
            <ul class="uncollapsible">
                <li><a href="../../index.html" class="current-tab">首页</a></li>
            </ul>

            <ul class="uncollapsible">
                <li><a href="../index.html">上一级</a></li>
            </ul>

            <ul class="uncollapsible">
                <li>

                    
                    <a href="00&#32;开篇词&#32;&#32;从业务出发，开启海量&#32;MySQL&#32;架构设计.md">00 开篇词  从业务出发，开启海量 MySQL 架构设计.md</a>

                </li>
                <li>

                    
                    <a href="01&#32;&#32;数字类型：避免自增踩坑.md">01  数字类型：避免自增踩坑.md</a>

                </li>
                <li>

                    
                    <a href="02&#32;&#32;字符串类型：不能忽略的&#32;COLLATION.md">02  字符串类型：不能忽略的 COLLATION.md</a>

                </li>
                <li>

                    
                    <a href="03&#32;&#32;日期类型：TIMESTAMP&#32;可能是巨坑.md">03  日期类型：TIMESTAMP 可能是巨坑.md</a>

                </li>
                <li>

                    
                    <a href="04&#32;&#32;非结构存储：用好&#32;JSON&#32;这张牌.md">04  非结构存储：用好 JSON 这张牌.md</a>

                </li>
                <li>

                    
                    <a href="05&#32;&#32;表结构设计：忘记范式准则.md">05  表结构设计：忘记范式准则.md</a>

                </li>
                <li>

                    
                    <a href="06&#32;&#32;表压缩：不仅仅是空间压缩.md">06  表压缩：不仅仅是空间压缩.md</a>

                </li>
                <li>

                    
                    <a href="07&#32;&#32;表的访问设计：你该选择&#32;SQL&#32;还是&#32;NoSQL？.md">07  表的访问设计：你该选择 SQL 还是 NoSQL？.md</a>

                </li>
                <li>

                    
                    <a href="08&#32;&#32;索引：排序的艺术.md">08  索引：排序的艺术.md</a>

                </li>
                <li>

                    
                    <a href="09&#32;&#32;索引组织表：万物皆索引.md">09  索引组织表：万物皆索引.md</a>

                </li>
                <li>

                    
                    <a href="10&#32;&#32;组合索引：用好，性能提升&#32;10&#32;倍！.md">10  组合索引：用好，性能提升 10 倍！.md</a>

                </li>
                <li>

                    
                    <a href="11&#32;&#32;索引出错：请理解&#32;CBO&#32;的工作原理.md">11  索引出错：请理解 CBO 的工作原理.md</a>

                </li>
                <li>

                    <a class="current-tab" href="12&#32;&#32;JOIN&#32;连接：到底能不能写&#32;JOIN？.md">12  JOIN 连接：到底能不能写 JOIN？.md</a>
                    

                </li>
                <li>

                    
                    <a href="13&#32;&#32;子查询：放心地使用子查询功能吧！.md">13  子查询：放心地使用子查询功能吧！.md</a>

                </li>
                <li>

                    
                    <a href="14&#32;&#32;分区表：哪些场景我不建议用分区表？.md">14  分区表：哪些场景我不建议用分区表？.md</a>

                </li>
                <li>

                    
                    <a href="15&#32;&#32;MySQL&#32;复制：最简单也最容易配置出错.md">15  MySQL 复制：最简单也最容易配置出错.md</a>

                </li>
                <li>

                    
                    <a href="16&#32;&#32;读写分离设计：复制延迟？其实是你用错了.md">16  读写分离设计：复制延迟？其实是你用错了.md</a>

                </li>
                <li>

                    
                    <a href="17&#32;&#32;高可用设计：你怎么活用三大架构方案？.md">17  高可用设计：你怎么活用三大架构方案？.md</a>

                </li>
                <li>

                    
                    <a href="18&#32;&#32;金融级高可用架构：必不可少的数据核对.md">18  金融级高可用架构：必不可少的数据核对.md</a>

                </li>
                <li>

                    
                    <a href="19&#32;&#32;高可用套件：选择这么多，你该如何选？.md">19  高可用套件：选择这么多，你该如何选？.md</a>

                </li>
                <li>

                    
                    <a href="20&#32;&#32;InnoDB&#32;Cluster：改变历史的新产品.md">20  InnoDB Cluster：改变历史的新产品.md</a>

                </li>
                <li>

                    
                    <a href="21&#32;&#32;数据库备份：备份文件也要检查！.md">21  数据库备份：备份文件也要检查！.md</a>

                </li>
                <li>

                    
                    <a href="22&#32;&#32;分布式数据库架构：彻底理解什么叫分布式数据库.md">22  分布式数据库架构：彻底理解什么叫分布式数据库.md</a>

                </li>
                <li>

                    
                    <a href="23&#32;&#32;分布式数据库表结构设计：如何正确地将数据分片？.md">23  分布式数据库表结构设计：如何正确地将数据分片？.md</a>

                </li>
                <li>

                    
                    <a href="24&#32;&#32;分布式数据库索引设计：二级索引、全局索引的最佳设计实践.md">24  分布式数据库索引设计：二级索引、全局索引的最佳设计实践.md</a>

                </li>
                <li>

                    
                    <a href="25&#32;&#32;分布式数据库架构选型：分库分表&#32;or&#32;中间件&#32;？.md">25  分布式数据库架构选型：分库分表 or 中间件 ？.md</a>

                </li>
                <li>

                    
                    <a href="26&#32;&#32;分布式设计之禅：全链路的条带化设计.md">26  分布式设计之禅：全链路的条带化设计.md</a>

                </li>
                <li>

                    
                    <a href="27&#32;&#32;分布式事务：我们到底要不要使用&#32;2PC？.md">27  分布式事务：我们到底要不要使用 2PC？.md</a>

                </li>
            </ul>

        </div>
    </div>

    <div class="sidebar-toggle" onclick="sidebar_toggle()" onmouseover="add_inner()" onmouseleave="remove_inner()">
        <div class="sidebar-toggle-inner"></div>
    </div>

    <script>
        function add_inner() {
            let inner = document.querySelector('.sidebar-toggle-inner')
            inner.classList.add('show')
        }

        function remove_inner() {
            let inner = document.querySelector('.sidebar-toggle-inner')
            inner.classList.remove('show')
        }

        function sidebar_toggle() {
            let sidebar_toggle = document.querySelector('.sidebar-toggle')
            let sidebar = document.querySelector('.book-sidebar')
            let content = document.querySelector('.off-canvas-content')
            if (sidebar_toggle.classList.contains('extend')) { // show
                sidebar_toggle.classList.remove('extend')
                sidebar.classList.remove('hide')
                content.classList.remove('extend')
            } else { // hide
                sidebar_toggle.classList.add('extend')
                sidebar.classList.add('hide')
                content.classList.add('extend')
            }
        }
    </script>

    <div class="off-canvas-content">
        <div class="columns">
            <div class="column col-12 col-lg-12">
                <div class="book-navbar">
                    <!-- For Responsive Layout -->
                    <header class="navbar">
                        <section class="navbar-section">
                            <a onclick="open_sidebar()">
                                <i class="icon icon-menu"></i>
                            </a>
                        </section>
                    </header>
                </div>
                <div class="book-content" style="max-width: 960px; margin: 0 auto;
    overflow-x: auto;
    overflow-y: hidden;">
                    <div class="book-post">
                        <p id="tip" align="center"></p>
                        <div><h1>12  JOIN 连接：到底能不能写 JOIN？</h1>
<p>前面几讲，我带你学习了索引和优化器的工作原理，相信你已经可以对单表的 SQL 语句进行索引的设计和调优工作。但除了单表的 SQL 语句，还有两大类相对复杂的 SQL，多表 JOIN 和子查询语句，这就要在多张表上创建索引，难度相对提升不少。</p>
<p>而很多开发人员下意识地认为 JOIN 会降低 SQL 的性能效率，所以就将一条多表 SQL 拆成单表的一条条查询，但这样反而会影响 SQL 执行的效率。<strong>究其原因，在于开发人员不了解 JOIN 的实现过程。</strong></p>
<p>那接下来，我们就来关注 JOIN 的工作原理，再在此基础上了解 JOIN 实现的算法和应用场景，从而让你放心大胆地使用 JOIN。</p>
<h3>JOIN连接算法</h3>
<p>MySQL 8.0 版本支持两种 JOIN 算法用于表之间的关联：</p>
<ul>
<li>Nested Loop Join；</li>
<li>Hash Join。</li>
</ul>
<p>通常认为，在 OLTP 业务中，因为查询数据量较小、语句相对简单，大多使用索引连接表之间的数据。这种情况下，优化器大多会用 Nested Loop Join 算法；而 OLAP 业务中的查询数据量较大，关联表的数量非常多，所以用 Hash Join 算法，直接扫描全表效率会更高。</p>
<p>注意，这里仅讨论最新的 MySQL 8.0 版本中 JOIN 连接的算法，同时也推荐你在生产环境时优先用 MySQL 8.0。</p>
<p>接下来，我们来分析一下这两个算法 Nested Loop Join 和 Hash Join。</p>
<h4>Nested Loop Join</h4>
<p>Nested Loop Join 之间的表关联是使用索引进行匹配的，假设表 R 和 S 进行连接，其算法伪代码大致如下：</p>
<pre><code>for each row r in R with matching condition:

    lookup index idx_s on S where index_key = r

    if (found)

      send to client
</code></pre>
<p>在上述算法中，表 R 被称为驱动表，表 R 中通过 WHERE 条件过滤出的数据会在表 S 对应的索引上进行一一查询。如果驱动表 R 的数据量不大，上述算法非常高效。</p>
<p>接着，我们看一下，以下三种 JOIN 类型，驱动表各是哪张表：</p>
<pre><code>SELECT ... FROM R LEFT JOIN S ON R.x = S.x WEHRE ...

SELECT ... FROM R RIGHT JOIN S ON R.x = S.x WEHRE ...

SELECT ... FROM R INNER JOIN S ON R.x = S.x WEHRE ...
</code></pre>
<p>对于上述 Left Join 来说，驱动表就是左表 R；Right Join中，驱动表就是右表 S。这是 JOIN 类型决定左表或右表的数据一定要进行查询。但对于 INNER JOIN，驱动表可能是表 R，也可能是表 S。</p>
<p>在这种场景下，<strong>谁需要查询的数据量越少，谁就是驱动表。</strong> 我们来看下面的例子：</p>
<pre><code>SELECT ... FROM R INNER JOIN S 

ON R.x = S.x 

WHERE R.y = ? AND S.z = ?
</code></pre>
<p>上面这条 SQL 语句是对表 R 和表 S 进行 INNER JOIN，其中关联的列是 x，WHERE 过滤条件分别过滤表 R 中的列 y 和表 S 中的列 z。那么这种情况下可以有以下两种选择：</p>
<p><img src="assets/CioPOWC4Ph-AGSrLAADxjcjIP_0350.png" alt="2.png" /></p>
<p>优化器一般认为，通过索引进行查询的效率都一样，所以 Nested Loop Join 算法主要要求驱动表的数量要尽可能少。</p>
<p>所以，如果 WHERE R.y = ?过滤出的数据少，那么这条 SQL 语句会先使用表 R 上列 y 上的索引，筛选出数据，然后再使用表 S 上列 x 的索引进行关联，最后再通过 WHERE S.z = ?过滤出最后数据。</p>
<p><strong>为了深入理解优化器驱动表的选择</strong>，咱们先来看下面这条 SQL：</p>
<pre><code>SELECT COUNT(1) 

FROM orders

INNER JOIN lineitem

  ON orders.o_orderkey = lineitem.l_orderkey 

    WHERE orders.o_orderdate &gt;= '1994-02-01' 

      AND  orders.o_orderdate &lt; '1994-03-01'
</code></pre>
<p>上面的表 orders 你比较熟悉，类似于电商中的订单表，在我们的示例数据库中记录总量有 600万条记录。</p>
<p>表 lineitem 是订单明细表，比如一个订单可以包含三件商品，这三件商品的具体价格、数量、商品供应商等详细信息，记录数约 2400 万。</p>
<p>上述 SQL 语句表示查询日期为 1994 年 2 月购买的商品数量总和，你通过命令 EXPLAIN 查看得到执行计划如下所示：</p>
<pre><code>EXPLAIN: -&gt; Aggregate: count(1)

 -&gt; Nested loop inner join  (cost=115366.81 rows=549152)

     -&gt; Filter: ((orders.O_ORDERDATE &gt;= DATE'1994-02-01') and (orders.O_ORDERDATE &lt; DATE'1994-03-01'))  (cost=26837.49 rows=133612)

         -&gt; Index range scan on orders using idx_orderdate  (cost=26837.49 rows=133612)

     -&gt; Index lookup on lineitem using PRIMARY (l_orderkey=orders.o_orderkey)  (cost=0.25 rows=4)
</code></pre>
<p>上面的执行计划步骤如下，表 orders 是驱动表，它的选择过程如下所示：</p>
<ol>
<li>Index range scan on orders using idx_orderdate：使用索引 idx_orderdata 过滤出1994 年 2 月的订单数据，预估记录数超过 13 万。</li>
<li>Index lookup on lineitem using PRIMARY：将第一步扫描的结果作为驱动表，然后将驱动表中的每行数据的 o_orderkey 值，在 lineitem 的主键索引中进行查找。</li>
<li>Nested loop inner join：进行 JOIN 连接，匹配得到的输出结果。</li>
<li>Aggregate: count(1)：统计得到最终的商品数量。</li>
</ol>
<p>但若执行的是下面这条 SQL，则执行计划就有了改变：</p>
<pre><code>EXPLAIN FORMAT=tree

SELECT COUNT(1) 

FROM orders

INNER JOIN lineitem

  ON orders.o_orderkey = lineitem.l_orderkey 

    WHERE orders.o_orderdate &gt;= '1994-02-01' 

      AND  orders.o_orderdate &lt; '1994-03-01'

      AND lineitem.l_partkey = 620758



EXPLAIN: -&gt; Aggregate: count(1)

-&gt; Nested loop inner join  (cost=17.37 rows=2)

    -&gt; Index lookup on lineitem using lineitem_fk2 (L_PARTKEY=620758)  (cost=4.07 rows=38)

    -&gt; Filter: ((orders.O_ORDERDATE &gt;= DATE'1994-02-01') and (orders.O_ORDERDATE &lt; DATE'1994-03-01'))  (cost=0.25 rows=0)

        -&gt; Single-row index lookup on orders using PRIMARY (o_orderkey=lineitem.l_orderkey)  (cost=0.25 rows=1)
</code></pre>
<p>上述 SQL 只是新增了一个条件 lineitem.l_partkey =620758，即查询 1994 年 2 月，商品编号为 620758 的商品购买量。</p>
<p>这时若仔细查看执行计划，会发现通过过滤条件 l_partkey = 620758 找到的记录大约只有 38 条，因此这时优化器选择表 lineitem 为驱动表。</p>
<h4>Hash Join</h4>
<p>MySQL 中的第二种 JOIN 算法是 Hash Join，用于两张表之间连接条件没有索引的情况。</p>
<p>有同学会提问，没有连接，那创建索引不就可以了吗？或许可以，但：</p>
<ol>
<li>如果有些列是低选择度的索引，那么创建索引在导入数据时要对数据排序，影响导入性能；</li>
<li>二级索引会有回表问题，若筛选的数据量比较大，则直接全表扫描会更快。</li>
</ol>
<p>对于 OLAP 业务查询来说，Hash Join 是必不可少的功能，MySQL 8.0 版本开始支持 Hash Join 算法，加强了对于 OLAP 业务的支持。</p>
<p>所以，如果你的查询数据量不是特别大，对于查询的响应时间要求为分钟级别，完全可以使用单个实例 MySQL 8.0 来完成大数据的查询工作。</p>
<p>Hash Join算法的伪代码如下：</p>
<pre><code>foreach row r in R with matching condition:

    create hash table ht on r

foreach row s in S with matching condition:

    search s in hash table ht:

    if (found)

        send to client
</code></pre>
<p>Hash Join会扫描关联的两张表：</p>
<ul>
<li>首先会在扫描驱动表的过程中创建一张哈希表；</li>
<li>接着扫描第二张表时，会在哈希表中搜索每条关联的记录，如果找到就返回记录。</li>
</ul>
<p>Hash Join 选择驱动表和 Nested Loop Join 算法大致一样，都是较小的表作为驱动表。如果驱动表比较大，创建的哈希表超过了内存的大小，MySQL 会自动把结果转储到磁盘。</p>
<p>为了演示 Hash Join，接下来，我们再来看一个 SQL：</p>
<pre><code>SELECT 

    s_acctbal,

    s_name,

    n_name,

    p_partkey,

    p_mfgr,

    s_address,

    s_phone,

    s_comment

FROM

    part,

    supplier,

    partsupp,

    nation,

    region

WHERE

    p_partkey = ps_partkey

        AND s_suppkey = ps_suppkey

        AND p_size = 15

        AND p_type LIKE '%BRASS'

        AND s_nationkey = n_nationkey

        AND n_regionkey = r_regionkey

        AND r_name = 'EUROPE';
</code></pre>
<p>上面这条 SQL 语句是要找出商品类型为 %BRASS，尺寸为 15 的欧洲供应商信息。</p>
<p>因为商品表part 不包含地区信息，所以要从关联表 partsupp 中得到商品供应商信息，然后再从供应商元数据表中得到供应商所在地区信息，最后在外表 region 连接，才能得到最终的结果。</p>
<p>最后的执行计划如下图所示：</p>
<p><img src="assets/Cgp9HWC4PhGAQh1HAAL9Tg1Sl9k848.png" alt="3.png" /></p>
<p>从上图可以发现，其实最早进行连接的是表 supplier 和 nation，接着再和表 partsupp 连接，然后和 part 表连接，再和表 part 连接。上述左右连接算法都是 Nested Loop Join。这时的结果集记录大概有 79,330 条记录</p>
<p>最后和表 region 进行关联，表 region 过滤得到结果5条，这时可以有 2 种选择：</p>
<ol>
<li>在 73390 条记录上创建基于 region 的索引，然后在内表中通过索引进行查询；</li>
<li>对表 region 创建哈希表，73390 条记录在哈希表中进行探测；</li>
</ol>
<p>选择 1 就是 MySQL 8.0 不支持 Hash Join 时优化器的处理方式，缺点是：如关联的数据量非常大，创建索引需要时间；其次可能需要回表，优化器大概率会选择直接扫描内表。</p>
<p>选择 2 只对大约 5 条记录的表 region 创建哈希索引，时间几乎可以忽略不计，其次直接选择对内表扫描，没有回表的问题。<strong>很明显，MySQL 8.0 会选择Hash Join。</strong></p>
<p>了解完优化器的选择后，最后看一下命令 EXPLAIN FORMAT=tree 执行计划的最终结果：</p>
<pre><code>-&gt; Nested loop inner join  (cost=101423.45 rows=79)

    -&gt; Nested loop inner join  (cost=92510.52 rows=394)

        -&gt; Nested loop inner join  (cost=83597.60 rows=394)

            -&gt; Inner hash join (no condition)  (cost=81341.56 rows=98)

                -&gt; Filter: ((part.P_SIZE = 15) and (part.P_TYPE like '%BRASS'))  (cost=81340.81 rows=8814)

                    -&gt; Table scan on part  (cost=81340.81 rows=793305)

                -&gt; Hash

                    -&gt; Filter: (region.R_NAME = 'EUROPE')  (cost=0.75 rows=1)

                        -&gt; Table scan on region  (cost=0.75 rows=5)

            -&gt; Index lookup on partsupp using PRIMARY (ps_partkey=part.p_partkey)  (cost=0.25 rows=4)

        -&gt; Single-row index lookup on supplier using PRIMARY (s_suppkey=partsupp.PS_SUPPKEY)  (cost=0.25 rows=1)

    -&gt; Filter: (nation.N_REGIONKEY = region.r_regionkey)  (cost=0.25 rows=0)

        -&gt; Single-row index lookup on nation using PRIMARY (n_nationkey=supplier.S_NATIONKEY)  (cost=0.25 rows=1)
</code></pre>
<p>以上就是 MySQL 数据库中 JOIN 的实现原理和应用了。</p>
<p>因为很多开发同学在编写 JOIN 时存在困惑，所以接下来我就带你深入 OLTP 业务中的JOIN问题。</p>
<h3>OLTP 业务能不能写 JOIN？</h3>
<p>OLTP 业务是海量并发，要求响应非常及时，在毫秒级别返回结果，如淘宝的电商业务、支付宝的支付业务、美团的外卖业务等。</p>
<p>如果 OLTP 业务的 JOIN 带有 WHERE 过滤条件，并且是根据主键、索引进行过滤，那么驱动表只有一条或少量记录，这时进行 JOIN 的开销是非常小的。</p>
<p>比如在淘宝的电商业务中，用户要查看自己的订单情况，其本质是在数据库中执行类似如下的 SQL 语句：</p>
<pre><code>SELECT o_custkey, o_orderdate, o_totalprice, p_name FROM orders,lineitem, part

WHERE o_orderkey = l_orderkey

  AND l_partkey = p_partkey

  AND o_custkey = ?

ORDER BY o_orderdate DESC

LIMIT 30;
</code></pre>
<p>我发现很多开发同学会以为上述 SQL 语句的 JOIN 开销非常大，因此认为拆成 3 条简单 SQL 会好一些，比如：</p>
<pre><code>SELECT * FROM orders 

WHERE o_custkey = ? 

ORDER BY o_orderdate DESC;



SELECT * FROM lineitem

WHERE l_orderkey = ?;



SELECT * FROM part

WHERE p_part = ?
</code></pre>
<p>其实你完全不用人工拆分语句，因为你拆分的过程就是优化器的执行结果，而且优化器更可靠，速度更快，而拆成三条 SQL 的方式，本身网络交互的时间开销就大了 3 倍。</p>
<p>所以，放心写 JOIN，你要相信数据库的优化器比你要聪明，它更为专业。上述 SQL 的执行计划如下：</p>
<pre><code>EXPLAIN: -&gt; Limit: 30 row(s)  (cost=27.76 rows=30)

    -&gt; Nested loop inner join  (cost=27.76 rows=44)

        -&gt; Nested loop inner join  (cost=12.45 rows=44)

            -&gt; Index lookup on orders using idx_custkey_orderdate (O_CUSTKEY=1; iterate backwards)  (cost=3.85 rows=11)

            -&gt; Index lookup on lineitem using PRIMARY (l_orderkey=orders.o_orderkey)  (cost=0.42 rows=4)

        -&gt; Single-row index lookup on part using PRIMARY (p_partkey=lineitem.L_PARTKEY)  (cost=0.25 rows=1)
</code></pre>
<p>由于驱动表的数据是固定 30 条，因此不论表 orders、lineitem、part 的数据量有多大，哪怕是百亿条记录，由于都是通过主键进行关联，上述 SQL 的执行速度几乎不变。</p>
<p><strong>所以，OLTP 业务完全可以大胆放心地写 JOIN，但是要确保 JOIN 的索引都已添加</strong>， DBA 们在业务上线之前一定要做 SQL Review，确保预期内的索引都已创建。</p>
<h3>总结</h3>
<p>MySQL 数据库中支持 JOIN 连接的算法有 Nested Loop Join 和 Hash Join 两种，前者通常用于 OLTP 业务，后者用于 OLAP 业务。在 OLTP 可以写 JOIN，优化器会自动选择最优的执行计划。但若使用 JOIN，要确保 SQL 的执行计划使用了正确的索引以及索引覆盖，<strong>因此索引设计显得尤为重要，这也是DBA在架构设计方面的重要工作之一。</strong></p>
</div>
                    </div>
                    <div>
                        <div style="float: left">
                            <a href="11&#32;&#32;索引出错：请理解&#32;CBO&#32;的工作原理.md">上一页</a>
                        </div>
                        <div style="float: right">
                            <a href="13&#32;&#32;子查询：放心地使用子查询功能吧！.md">下一页</a>
                        </div>
                    </div>

                </div>
            </div>
        </div>
    </div>

    <a class="off-canvas-overlay" onclick="hide_canvas()"></a>
</div>
<script defer src="https://static.cloudflareinsights.com/beacon.min.js/v64f9daad31f64f81be21cbef6184a5e31634941392597" integrity="sha512-gV/bogrUTVP2N3IzTDKzgP0Js1gg4fbwtYB6ftgLbKQu/V8yH2+lrKCfKHelh4SO3DPzKj4/glTO+tNJGDnb0A==" data-cf-beacon='{"rayId":"6b43482eab4870ac","version":"2021.11.0","r":1,"token":"1f5d475227ce4f0089a7cff1ab17c0f5","si":100}' crossorigin="anonymous"></script>
</body>
<!-- Global site tag (gtag.js) - Google Analytics -->
<script async src="https://www.googletagmanager.com/gtag/js?id=G-NPSEEVD756"></script>
<script>
    window.dataLayer = window.dataLayer || [];

    function gtag() {
        dataLayer.push(arguments);
    }

    gtag('js', new Date());
    gtag('config', 'G-NPSEEVD756');
    var path = window.location.pathname
    var cookie = getCookie("lastPath");
    console.log(path)
    if (path.replace("/", "") === "") {
        if (cookie.replace("/", "") !== "") {
            console.log(cookie)
            document.getElementById("tip").innerHTML = "<a href='https://learn.lianglianglee.com/%E4%B8%93%E6%A0%8F/MySQL%E5%AE%9E%E6%88%98%E5%AE%9D%E5%85%B8/&quot;&#32;+&#32;cookie&#32;+&#32;&quot;'>跳转到上次进度</a>"
        }
    } else {
        setCookie("lastPath", path)
    }

    function setCookie(cname, cvalue) {
        var d = new Date();
        d.setTime(d.getTime() + (180 * 24 * 60 * 60 * 1000));
        var expires = "expires=" + d.toGMTString();
        document.cookie = cname + "=" + cvalue + "; " + expires + ";path = /";
    }

    function getCookie(cname) {
        var name = cname + "=";
        var ca = document.cookie.split(';');
        for (var i = 0; i < ca.length; i++) {
            var c = ca[i].trim();
            if (c.indexOf(name) === 0) return c.substring(name.length, c.length);
        }
        return "";
    }
</script>

</html>
